0 info it worked if it ends with ok
1 verbose cli [ 'node', '/home/aleksandar/.nvm/v0.10.31/bin/npm', 'publish' ]
2 info using npm@2.2.0
3 info using node@v0.10.31
4 verbose publish [ '.' ]
5 verbose stack Error: No name provided
5 verbose stack     at /home/aleksandar/.nvm/v0.10.31/lib/node_modules/npm/lib/publish.js:42:33
5 verbose stack     at /home/aleksandar/.nvm/v0.10.31/lib/node_modules/npm/node_modules/read-package-json/read-json.js:51:40
5 verbose stack     at final (/home/aleksandar/.nvm/v0.10.31/lib/node_modules/npm/node_modules/read-package-json/read-json.js:349:17)
5 verbose stack     at then (/home/aleksandar/.nvm/v0.10.31/lib/node_modules/npm/node_modules/read-package-json/read-json.js:126:33)
5 verbose stack     at /home/aleksandar/.nvm/v0.10.31/lib/node_modules/npm/node_modules/read-package-json/read-json.js:331:40
5 verbose stack     at evalmachine.<anonymous>:271:14
5 verbose stack     at /home/aleksandar/.nvm/v0.10.31/lib/node_modules/npm/node_modules/graceful-fs/graceful-fs.js:102:5
5 verbose stack     at Object.oncomplete (evalmachine.<anonymous>:107:15)
6 verbose cwd /home/aleksandar/projects/fbh-firebase-util
7 error Linux 3.13.0-44-generic
8 error argv "node" "/home/aleksandar/.nvm/v0.10.31/bin/npm" "publish"
9 error node v0.10.31
10 error npm  v2.2.0
11 error No name provided
12 error If you need help, you may report this error at:
12 error     <http://github.com/npm/npm/issues>
13 verbose exit [ 1, true ]
